
Starting Simulation. [60 seconds] [5 philosophers] [Random Eat Times]
H - Hungry 	 T - Thinking 	 E - Eating
    T    H    T    T    T
    T    E    T    T    T
    H    E    T    T    T
    H    E    H    T    T
    H    E    H    H    T
    H    E    H    E    T
    H    T    H    E    T
    E    T    H    E    H
    E    T    H    E    H
    E    T    H    T    H
    E    T    E    T    H
    T    T    E    T    H
    T    T    E    T    E
    T    H    E    T    E
    T    H    E    H    E
    T    H    T    H    E
    T    E    T    H    E
    H    E    T    H    E
    H    E    T    H    T
    H    E    T    E    T
    H    T    T    E    T
    E    T    T    E    T
    E    T    T    T    T
    E    T    H    T    T
    E    T    E    T    T
    E    T    E    T    H
    T    T    E    T    H
    T    T    E    T    E
    T    H    E    T    E
    T    H    T    T    E
    T    E    T    T    E
    T    E    T    T    T
    H    E    T    T    T
    H    E    T    H    T
    H    E    T    E    T
    H    T    T    E    T
    E    T    T    E    T
    E    T    T    T    T
    E    T    H    T    T
    E    T    E    T    T
    E    H    E    T    T
    E    H    E    T    H
    T    H    E    T    H
    T    H    E    T    E
    T    H    E    H    E
    T    H    T    H    E
    T    E    T    H    E
    H    E    T    H    E
    H    E    T    H    T
    H    E    T    E    T
    H    E    H    E    T
    H    T    H    E    T
    E    T    H    E    T
    E    T    H    E    H
    E    T    H    T    H
    E    T    E    T    H
    T    T    E    T    H
    T    T    E    T    E
    T    T    E    H    E
    T    T    T    H    E
    T    H    T    H    E
    T    E    T    H    E
    T    E    T    H    T
    T    E    T    E    T
    T    T    T    E    T
    H    T    T    E    T
    E    T    T    E    T
    E    T    T    E    H
    E    T    T    T    H
    E    T    H    T    H
    E    T    E    T    H
    E    H    E    T    H
    T    H    E    T    H
    T    H    E    T    E
    T    H    E    H    E
    T    H    T    H    E
    T    E    T    H    E
    T    E    T    H    T
    T    E    T    E    T
    T    T    T    E    T
    H    T    T    E    T
    E    T    T    E    T
    E    T    H    E    T
    E    T    H    T    T
    E    T    E    T    T
    T    T    E    T    T
    T    T    E    T    H
    T    T    E    T    E
    T    T    T    T    E
    T    T    T    H    E
    T    H    T    H    E
    T    E    T    H    E
    H    E    T    H    E
    H    E    T    H    T
    H    E    H    E    T
    H    E    H    E    T
    H    T    H    E    T
    E    T    H    E    T
    E    T    H    T    T
    E    T    E    T    T
    T    T    E    T    T
    T    T    E    T    H
    T    T    E    T    E
    T    H    E    T    E
    T    H    T    T    E
    T    E    T    T    E
    H    E    T    T    E
    H    E    T    T    T
    H    E    T    H    T
    H    E    T    E    T
    H    T    T    E    T
    E    T    T    E    T
    E    T    T    E    H
    E    T    T    T    H
    E    T    H    T    H
    E    T    E    T    H
    T    T    E    T    H
    T    T    E    T    E
    T    T    T    T    E
    T    H    T    T    E
    T    E    T    T    E
    T    E    T    T    T
    T    E    T    H    T
    T    E    T    E    T
    T    T    T    E    T
    H    T    T    E    T
    E    T    T    E    T
    E    T    T    E    H
    E    T    H    E    H
    E    T    H    T    H
    E    T    E    T    H
    T    T    E    T    H
    T    T    E    T    E
    T    T    E    H    E
    T    T    T    H    E
    T    H    T    H    E
    T    E    T    H    E
    H    E    T    H    E
    H    E    T    H    T
    H    E    T    E    T
    H    T    T    E    T
    E    T    T    E    T
    E    T    T    E    H
    E    T    T    T    H
    E    T    H    T    H
    E    T    E    T    H
    T    T    E    T    H
    T    T    E    T    E
    T    T    E    H    E
    T    T    T    H    E
    T    H    T    H    E
    T    E    T    H    E
    T    E    T    H    T
    T    E    T    E    T
    T    E    H    E    T
    T    T    H    E    T
    H    T    H    E    T
    E    T    H    E    T
    E    T    H    E    H
    E    T    H    T    H
    E    T    E    T    H
    T    T    E    T    H
    T    T    E    T    E
    T    T    E    H    E
    T    T    T    H    E
    T    H    T    H    E
    T    E    T    H    E
    T    E    T    H    T
    T    E    T    E    T
    H    E    T    E    T
    H    E    H    E    T
    H    T    H    E    T
    E    T    H    E    T
    E    T    H    T    T
    E    T    E    T    T
    E    T    E    T    H
    T    T    E    T    H
    T    T    E    T    E
    T    T    T    T    E
    T    H    T    T    E
    T    E    T    T    E
    T    E    T    H    E
    H    E    T    H    E
    H    E    T    H    T
    H    E    T    E    T
    H    T    T    E    T
    E    T    T    E    T
    E    T    H    E    T
    E    T    H    T    T
    E    T    E    T    H
    E    T    E    T    H
    T    T    E    T    H
    T    T    E    T    E
    T    T    E    H    E
    T    T    T    H    E
    T    H    T    H    E
    T    E    T    H    E
    T    E    T    H    T
    T    E    T    E    T
    H    E    T    E    T
    H    T    T    E    T
    E    T    T    E    T
    E    T    T    T    T
    E    T    H    T    T
    E    T    E    T    T
    E    H    E    T    T
    T    H    E    T    T
    T    H    E    T    H
    T    H    E    T    E
    T    H    T    T    E
    T    E    T    T    E
    H    E    T    T    E
    H    E    T    T    T
    H    E    T    H    T
    H    E    T    E    T
    H    T    T    E    T
    E    T    T    E    T
    E    T    T    T    T
    E    T    T    T    H
    E    T    H    T    H
    E    T    E    T    H
    T    T    E    T    H
    T    T    E    T    E
    T    T    E    H    E
    T    H    E    H    E
    T    H    T    H    E
    T    E    T    H    E
    H    E    T    H    E
    H    E    T    H    T
    H    E    T    E    T
    H    T    T    E    T
    E    T    T    E    T
    E    T    T    E    H
    E    T    T    T    H
    E    T    H    T    H
    E    T    E    T    H
    T    T    E    T    H
    T    T    E    H    E
    T    T    E    H    E
    T    T    T    H    E
    T    H    T    H    E
    T    E    T    H    E
    H    E    T    H    E
    H    E    T    H    T
    H    E    T    E    T
    H    E    H    E    T
    H    T    H    E    T
    E    T    H    E    T
    E    T    H    E    H
    E    T    H    T    H
    E    T    E    T    H
    E    H    E    T    H
    T    H    E    T    H
    T    H    E    T    E
    T    H    T    T    E
    T    E    T    T    E
    T    E    T    T    T
    T    E    T    H    T
    T    E    T    E    T
    T    E    H    E    T
    T    T    H    E    T
    H    T    H    E    T
    E    T    H    E    T
    E    T    H    T    T
    E    T    E    T    T
    E    H    E    T    T
    E    H    E    T    H
    T    H    E    T    H
    T    H    E    T    E
    T    H    E    H    E
    T    H    T    H    E
    T    E    T    H    E
    T    E    T    H    T
    H    E    T    E    T
    H    E    T    E    T
    H    E    H    E    T
    H    T    H    E    T
    E    T    H    E    T
    E    T    H    T    T
    E    T    E    T    T
    E    H    E    T    T
    T    H    E    T    T
    T    H    E    T    H
    T    H    E    T    E
    T    H    E    H    E
    T    H    T    H    E
    T    E    T    H    E
    H    E    T    H    E
    H    E    T    H    T
    H    E    T    E    T
    H    E    H    E    T
    H    T    H    E    T
    E    T    H    E    T
    E    T    H    T    T
    E    T    E    T    T
    T    T    E    T    T
    T    T    E    T    H
    T    T    E    T    E
    T    T    E    H    E
    T    T    T    H    E
    T    H    T    H    E
    T    E    T    H    E
    H    E    T    H    E
    H    E    T    H    T
    H    E    T    E    T
    H    E    H    E    T
    H    T    H    E    T
    E    T    H    E    T
Total Food Eaten: 
   20   21   20   20   20
Main Thread Done.
